2025-02-05 14:41:24,717:INFO:Browser is open
2025-02-05 15:10:39,269:INFO:Browser is open
2025-02-05 15:10:39,401:INFO:DSP HR application URL is open.
2025-02-05 15:10:46,334:INFO:Click is clicked
2025-02-05 15:10:55,799:INFO:Value entered is: parth.prajapati1@nhs.net for field.
2025-02-05 15:10:58,519:INFO:Value entered is: Password@123 for field.
2025-02-05 15:11:00,892:INFO:Click is clicked
2025-02-05 15:11:11,648:INFO:Element value is : Digital Staff Passport Portal
2025-02-05 15:11:13,919:INFO:Click is clicked
2025-02-05 15:11:15,911:INFO:Click is clicked
2025-02-05 15:12:48,000:INFO:Browser is open
2025-02-05 15:12:48,125:INFO:DSP HR application URL is open.
2025-02-05 15:12:54,906:INFO:Click is clicked
2025-02-05 15:13:03,939:INFO:Value entered is: parth.prajapati1@nhs.net for field.
2025-02-05 15:13:06,669:INFO:Value entered is: Password@123 for field.
2025-02-05 15:13:09,018:INFO:Click is clicked
2025-02-05 15:13:14,808:INFO:Element value is : Digital Staff Passport Portal
2025-02-05 15:13:16,712:INFO:Click is clicked
2025-02-05 15:13:18,711:INFO:Click is clicked
2025-02-05 15:13:29,774:INFO:Value entered is: AutomationTwo User for field.
2025-02-05 15:13:32,580:INFO:Click is clicked
2025-02-05 15:13:34,364:INFO:Click is clicked
2025-02-05 15:13:39,567:INFO:Element value is : Credentials Pending
2025-02-05 15:13:42,082:INFO:Click is clicked
2025-02-05 15:13:46,502:INFO:Element value is : AutomationTwo
2025-02-05 15:13:49,071:INFO:Element value is : User
2025-02-05 15:13:51,273:INFO:Element value is : 14 October 1993
2025-02-05 15:13:53,675:INFO:Element value is : +919712268468
2025-02-05 15:13:55,892:INFO:Element value is : parth.prajapati1@nhs.net
2025-02-05 15:13:58,300:INFO:Element value is : Medical and Dental
2025-02-05 15:24:42,858:INFO:Browser is open
2025-02-05 15:24:43,181:INFO:DSP HR application URL is open.
2025-02-05 15:24:49,761:INFO:Click is clicked
2025-02-05 15:25:00,403:INFO:Value entered is: parth.prajapati1@nhs.net for field.
2025-02-05 15:25:02,138:INFO:Value entered is: Password@123 for field.
2025-02-05 15:25:04,513:INFO:Click is clicked
2025-02-05 15:25:10,211:INFO:Element value is : Digital Staff Passport Portal
2025-02-05 15:25:11,536:INFO:Click is clicked
2025-02-05 15:25:13,090:INFO:Click is clicked
2025-02-05 15:25:14,646:INFO:Value entered is: AutomationTwo User for field.
2025-02-05 15:25:16,764:INFO:Click is clicked
2025-02-05 15:25:18,783:INFO:Click is clicked
2025-02-05 15:25:22,915:INFO:Element value is : Credentials Pending
2025-02-05 15:25:24,465:INFO:Click is clicked
2025-02-05 15:25:27,764:INFO:Element value is : MARY
2025-02-05 15:25:59,829:INFO:Browser is open
2025-02-05 15:25:59,985:INFO:DSP HR application URL is open.
2025-02-05 15:26:06,011:INFO:Click is clicked
2025-02-05 15:26:16,541:INFO:Value entered is: parth.prajapati1@nhs.net for field.
2025-02-05 15:26:18,270:INFO:Value entered is: Password@123 for field.
2025-02-05 15:26:19,765:INFO:Click is clicked
2025-02-05 15:26:24,854:INFO:Element value is : Digital Staff Passport Portal
2025-02-05 15:26:26,168:INFO:Click is clicked
2025-02-05 15:26:27,499:INFO:Click is clicked
2025-02-05 15:26:29,786:INFO:Value entered is: AutomationTwo User for field.
2025-02-05 15:26:31,845:INFO:Click is clicked
2025-02-05 15:26:32,983:INFO:Click is clicked
2025-02-05 15:26:37,255:INFO:Element value is : Credentials Pending
2025-02-05 15:26:38,823:INFO:Click is clicked
2025-02-05 15:26:42,251:INFO:Element value is : AutomationTwo
2025-02-05 15:26:43,778:INFO:Element value is : User
2025-02-05 15:26:45,468:INFO:Element value is : 14 October 1993
2025-02-05 15:26:46,903:INFO:Element value is : +919712268468
2025-02-05 15:26:48,346:INFO:Element value is : parth.prajapati1@nhs.net
2025-02-05 15:26:49,791:INFO:Element value is : Medical and Dental
2025-02-05 16:57:06,944:INFO:Browser is open
2025-02-05 16:57:07,129:INFO:DSP HR application URL is open.
2025-02-05 16:57:13,235:INFO:Click is clicked
2025-02-05 16:57:21,106:INFO:Value entered is: parth.prajapati1@nhs.net for field.
2025-02-05 16:57:22,935:INFO:Value entered is: Password@123 for field.
2025-02-05 16:57:24,321:INFO:Click is clicked
2025-02-05 16:57:30,545:INFO:Element value is : Digital Staff Passport Portal
2025-02-05 16:57:31,882:INFO:Click is clicked
2025-02-05 16:57:33,227:INFO:Click is clicked
2025-02-05 16:57:34,804:INFO:Value entered is: AutomationTwo User for field.
2025-02-05 16:57:36,359:INFO:Click is clicked
2025-02-05 16:57:38,712:INFO:Click is clicked
2025-02-05 16:57:42,852:INFO:Element value is : Credentials Pending
2025-02-05 16:57:44,310:INFO:Click is clicked
2025-02-05 16:57:47,762:INFO:Element value is : MARY
2025-02-05 16:58:01,378:INFO:Browser is open
2025-02-05 16:58:01,556:INFO:DSP HR application URL is open.
2025-02-05 16:58:07,719:INFO:Click is clicked
2025-02-05 16:58:16,103:INFO:Value entered is: parth.prajapati1@nhs.net for field.
2025-02-05 16:58:17,902:INFO:Value entered is: Password@123 for field.
2025-02-05 16:58:19,342:INFO:Click is clicked
2025-02-05 16:58:24,174:INFO:Element value is : Digital Staff Passport Portal
2025-02-05 16:58:25,467:INFO:Click is clicked
2025-02-05 16:58:26,916:INFO:Click is clicked
2025-02-05 16:58:30,887:INFO:Value entered is: AutomationTwo User for field.
2025-02-05 16:58:32,861:INFO:Click is clicked
2025-02-05 16:58:34,234:INFO:Click is clicked
2025-02-05 16:58:38,601:INFO:Element value is : Credentials Pending
2025-02-05 16:58:40,282:INFO:Click is clicked
2025-02-05 16:58:43,725:INFO:Element value is : AutomationTwo
2025-02-05 17:44:30,500:INFO:Browser is open
2025-02-05 17:44:30,740:INFO:DSP HR application URL is open.
2025-02-05 17:44:37,867:INFO:Click is clicked
2025-02-05 17:44:46,352:INFO:Value entered is: parth.prajapati1@nhs.net for field.
2025-02-05 17:44:48,151:INFO:Value entered is: Password@123 for field.
2025-02-05 17:44:49,830:INFO:Click is clicked
2025-02-05 17:44:53,676:INFO:Element value is : Digital Staff Passport Portal
2025-02-05 17:44:55,050:INFO:Click is clicked
2025-02-05 17:44:56,668:INFO:Click is clicked
2025-02-05 17:44:58,377:INFO:Value entered is: AutomationTwo User for field.
2025-02-05 17:45:00,034:INFO:Click is clicked
2025-02-05 17:45:02,261:INFO:Click is clicked
2025-02-05 17:45:06,645:INFO:Element value is : Credentials Pending
2025-02-05 17:45:08,227:INFO:Click is clicked
2025-02-05 17:45:11,995:INFO:Element value is : MARY
